<?xml version="1.0" encoding="UTF-8"?>
<!-- Generated by org.testng.reporters.JUnitXMLReporter -->
<testsuite ignored="0" hostname="MONO-HYD-LAP15" failures="1" tests="1" name="Default test(failed)" time="18.048" errors="0" timestamp="2024-06-03T15:00:37 IST">
  <testcase classname="com.superapp.tests.VerifyAddNewLeadQuickLinkTest" name="clickOnAddNewLeadQuickLinkTest" time="2.346">
    <failure type="java.lang.NullPointerException" message="Cannot invoke &amp;quot;com.aventstack.extentreports.ExtentTest.info(String)&amp;quot; because &amp;quot;test&amp;quot; is null">
      <![CDATA[java.lang.NullPointerException: Cannot invoke "com.aventstack.extentreports.ExtentTest.info(String)" because "test" is null
at com.superapp.report.ReportUtility.info(ReportUtility.java:73)
at com.superapp.pages.ApplicationLoginPage.applicationLoginPage(ApplicationLoginPage.java:53)
at com.superapp.tests.VerifyAddNewLeadQuickLinkTest.clickOnAddNewLeadQuickLinkTest(VerifyAddNewLeadQuickLinkTest.java:47)
at java.base/java.util.ArrayList.forEach(ArrayList.java:1511)
... Removed 27 stack frames]]>
    </failure>
  </testcase> <!-- clickOnAddNewLeadQuickLinkTest -->
</testsuite> <!-- Default test(failed) -->
