<?xml version="1.0" encoding="UTF-8"?>
<testng-results ignored="0" total="1" passed="1" failed="0" skipped="0">
  <reporter-output>
  </reporter-output>
  <suite started-at="2024-06-06T12:56:04 IST" name="Default suite" finished-at="2024-06-06T12:57:27 IST" duration-ms="83211">
    <groups>
    </groups>
    <test started-at="2024-06-06T12:56:04 IST" name="Default test" finished-at="2024-06-06T12:57:27 IST" duration-ms="83211">
      <class name="com.superapp.tests.AppRun">
        <test-method signature="runApp()[pri:0, instance:com.superapp.tests.AppRun@71ba6d4e]" started-at="2024-06-06T12:56:04 IST" name="runApp" finished-at="2024-06-06T12:57:27 IST" duration-ms="83184" status="PASS">
          <reporter-output>
          </reporter-output>
        </test-method> <!-- runApp -->
      </class> <!-- com.superapp.tests.AppRun -->
    </test> <!-- Default test -->
  </suite> <!-- Default suite -->
</testng-results>
